2025-07-14 13:37:26,426 DEBUG    root            Loaded Command Group: ['gcloud', 'components']
2025-07-14 13:37:26,428 DEBUG    root            Loaded Command Group: ['gcloud', 'components', 'update']
2025-07-14 13:37:26,430 DEBUG    root            Running [gcloud.components.update] with arguments: [--quiet: "True", COMPONENT-IDS:8: "['gcloud', 'core', 'bq', 'gsutil', 'compute', 'preview', 'alpha', 'beta']"]
2025-07-14 13:37:26,431 INFO     ___FILE_ONLY___ Beginning update. This process may take several minutes.

2025-07-14 13:37:26,439 DEBUG    urllib3.connectionpool Starting new HTTPS connection (1): dl.google.com:443
2025-07-14 13:37:26,649 DEBUG    urllib3.connectionpool https://dl.google.com:443 "GET /dl/cloudsdk/channels/rapid/components-2.json HTTP/11" 200 239798
2025-07-14 13:37:26,663 WARNING  root            Component [compute] no longer exists.
2025-07-14 13:37:26,664 INFO     ___FILE_ONLY___ 

2025-07-14 13:37:26,664 INFO     ___FILE_ONLY___ 
Your current Google Cloud CLI version is: 529.0.0

2025-07-14 13:37:26,664 INFO     ___FILE_ONLY___ Installing components from version: 529.0.0

2025-07-14 13:37:26,664 INFO     ___FILE_ONLY___ 

2025-07-14 13:37:26,664 DEBUG    root            Chosen display Format:table[box,title="These components will be removed."](details.display_name:label=Name:align=left,version.version_string:label=Version:align=right,data.size.size(zero="",min=1048576):label=Size:align=right)
2025-07-14 13:37:26,665 DEBUG    root            Chosen display Format:table[box,title="These components will be updated."](details.display_name:label=Name:align=left,version.version_string:label=Version:align=right,data.size.size(zero="",min=1048576):label=Size:align=right)
2025-07-14 13:37:26,665 DEBUG    root            Chosen display Format:table[box,title="These components will be installed."](details.display_name:label=Name:align=left,version.version_string:label=Version:align=right,data.size.size(zero="",min=1048576):label=Size:align=right)
2025-07-14 13:37:26,679 INFO     ___FILE_ONLY___ ┌────────────────────────────────────────────────┐
2025-07-14 13:37:26,679 INFO     ___FILE_ONLY___ 

2025-07-14 13:37:26,679 INFO     ___FILE_ONLY___ │      These components will be installed.       │
2025-07-14 13:37:26,679 INFO     ___FILE_ONLY___ 

2025-07-14 13:37:26,679 INFO     ___FILE_ONLY___ ├─────────────────────────┬────────────┬─────────┤
2025-07-14 13:37:26,679 INFO     ___FILE_ONLY___ 

2025-07-14 13:37:26,679 INFO     ___FILE_ONLY___ │           Name          │  Version   │   Size  │
2025-07-14 13:37:26,679 INFO     ___FILE_ONLY___ 

2025-07-14 13:37:26,679 INFO     ___FILE_ONLY___ ├─────────────────────────┼────────────┼─────────┤
2025-07-14 13:37:26,679 INFO     ___FILE_ONLY___ 

2025-07-14 13:37:26,679 INFO     ___FILE_ONLY___ │ 
2025-07-14 13:37:26,679 INFO     ___FILE_ONLY___ gcloud Alpha Commands  
2025-07-14 13:37:26,679 INFO     ___FILE_ONLY___  
2025-07-14 13:37:26,679 INFO     ___FILE_ONLY___ │ 
2025-07-14 13:37:26,679 INFO     ___FILE_ONLY___ 2025.06.27
2025-07-14 13:37:26,679 INFO     ___FILE_ONLY___  
2025-07-14 13:37:26,680 INFO     ___FILE_ONLY___ │ 
2025-07-14 13:37:26,680 INFO     ___FILE_ONLY___ < 1 MiB
2025-07-14 13:37:26,680 INFO     ___FILE_ONLY___  
2025-07-14 13:37:26,680 INFO     ___FILE_ONLY___ │
2025-07-14 13:37:26,680 INFO     ___FILE_ONLY___ 

2025-07-14 13:37:26,680 INFO     ___FILE_ONLY___ │ 
2025-07-14 13:37:26,680 INFO     ___FILE_ONLY___ gcloud Beta Commands   
2025-07-14 13:37:26,680 INFO     ___FILE_ONLY___  
2025-07-14 13:37:26,680 INFO     ___FILE_ONLY___ │ 
2025-07-14 13:37:26,680 INFO     ___FILE_ONLY___ 2025.06.27
2025-07-14 13:37:26,680 INFO     ___FILE_ONLY___  
2025-07-14 13:37:26,680 INFO     ___FILE_ONLY___ │ 
2025-07-14 13:37:26,680 INFO     ___FILE_ONLY___ < 1 MiB
2025-07-14 13:37:26,680 INFO     ___FILE_ONLY___  
2025-07-14 13:37:26,680 INFO     ___FILE_ONLY___ │
2025-07-14 13:37:26,680 INFO     ___FILE_ONLY___ 

2025-07-14 13:37:26,680 INFO     ___FILE_ONLY___ │ 
2025-07-14 13:37:26,680 INFO     ___FILE_ONLY___ gcloud Preview Commands
2025-07-14 13:37:26,680 INFO     ___FILE_ONLY___  
2025-07-14 13:37:26,680 INFO     ___FILE_ONLY___ │ 
2025-07-14 13:37:26,680 INFO     ___FILE_ONLY___           
2025-07-14 13:37:26,681 INFO     ___FILE_ONLY___  
2025-07-14 13:37:26,681 INFO     ___FILE_ONLY___ │ 
2025-07-14 13:37:26,681 INFO     ___FILE_ONLY___ < 1 MiB
2025-07-14 13:37:26,681 INFO     ___FILE_ONLY___  
2025-07-14 13:37:26,681 INFO     ___FILE_ONLY___ │
2025-07-14 13:37:26,681 INFO     ___FILE_ONLY___ 

2025-07-14 13:37:26,681 INFO     ___FILE_ONLY___ └─────────────────────────┴────────────┴─────────┘
2025-07-14 13:37:26,681 INFO     ___FILE_ONLY___ 

2025-07-14 13:37:26,681 INFO     ___FILE_ONLY___ 

2025-07-14 13:37:26,684 DEBUG    urllib3.connectionpool Starting new HTTPS connection (1): dl.google.com:443
2025-07-14 13:37:26,890 DEBUG    urllib3.connectionpool https://dl.google.com:443 "GET /dl/cloudsdk/channels/rapid/RELEASE_NOTES HTTP/11" 200 1444035
2025-07-14 13:37:27,352 INFO     ___FILE_ONLY___ For the latest full release notes, please visit:
  https://cloud.google.com/sdk/release_notes


2025-07-14 13:37:27,352 INFO     ___FILE_ONLY___ Performing in place update...


2025-07-14 13:37:27,354 INFO     ___FILE_ONLY___ ╔════════════════════════════════════════════════════════════╗

2025-07-14 13:37:27,354 INFO     ___FILE_ONLY___ ╠═ Downloading: gcloud Alpha Commands                       ═╣

2025-07-14 13:37:27,354 INFO     ___FILE_ONLY___ ╚
2025-07-14 13:37:27,357 DEBUG    urllib3.connectionpool Starting new HTTPS connection (1): dl.google.com:443
2025-07-14 13:37:27,447 DEBUG    urllib3.connectionpool https://dl.google.com:443 "GET /dl/cloudsdk/channels/rapid/components/google-cloud-sdk-alpha-20250627154417.tar.gz HTTP/11" 200 800
2025-07-14 13:37:27,447 INFO     ___FILE_ONLY___ ════════════════════════════════════════════════════════════
2025-07-14 13:37:27,448 INFO     ___FILE_ONLY___ ╝

2025-07-14 13:37:27,449 INFO     ___FILE_ONLY___ ╔════════════════════════════════════════════════════════════╗

2025-07-14 13:37:27,449 INFO     ___FILE_ONLY___ ╠═ Downloading: gcloud Beta Commands                        ═╣

2025-07-14 13:37:27,450 INFO     ___FILE_ONLY___ ╚
2025-07-14 13:37:27,453 DEBUG    urllib3.connectionpool Starting new HTTPS connection (1): dl.google.com:443
2025-07-14 13:37:27,658 DEBUG    urllib3.connectionpool https://dl.google.com:443 "GET /dl/cloudsdk/channels/rapid/components/google-cloud-sdk-beta-20250627154417.tar.gz HTTP/11" 200 797
2025-07-14 13:37:27,659 INFO     ___FILE_ONLY___ ════════════════════════════════════════════════════════════
2025-07-14 13:37:27,659 INFO     ___FILE_ONLY___ ╝

2025-07-14 13:37:27,661 INFO     ___FILE_ONLY___ ╔════════════════════════════════════════════════════════════╗

2025-07-14 13:37:27,661 INFO     ___FILE_ONLY___ ╠═ Downloading: gcloud Preview Commands                     ═╣

2025-07-14 13:37:27,661 INFO     ___FILE_ONLY___ ╚
2025-07-14 13:37:27,664 DEBUG    urllib3.connectionpool Starting new HTTPS connection (1): dl.google.com:443
2025-07-14 13:37:27,907 DEBUG    urllib3.connectionpool https://dl.google.com:443 "GET /dl/cloudsdk/channels/rapid/components/google-cloud-sdk-preview-20241115154308.tar.gz HTTP/11" 200 823
2025-07-14 13:37:27,907 INFO     ___FILE_ONLY___ ════════════════════════════════════════════════════════════
2025-07-14 13:37:27,907 INFO     ___FILE_ONLY___ ╝

2025-07-14 13:37:27,909 INFO     ___FILE_ONLY___ ╔════════════════════════════════════════════════════════════╗

2025-07-14 13:37:27,909 INFO     ___FILE_ONLY___ ╠═ Installing: gcloud Alpha Commands                        ═╣

2025-07-14 13:37:27,910 INFO     ___FILE_ONLY___ ╚
2025-07-14 13:37:27,910 INFO     ___FILE_ONLY___ ════════════════════════════════════════════════════════════
2025-07-14 13:37:27,911 INFO     ___FILE_ONLY___ ╝

2025-07-14 13:37:27,916 INFO     ___FILE_ONLY___ ╔════════════════════════════════════════════════════════════╗

2025-07-14 13:37:27,916 INFO     ___FILE_ONLY___ ╠═ Installing: gcloud Beta Commands                         ═╣

2025-07-14 13:37:27,917 INFO     ___FILE_ONLY___ ╚
2025-07-14 13:37:27,917 INFO     ___FILE_ONLY___ ════════════════════════════════════════════════════════════
2025-07-14 13:37:27,917 INFO     ___FILE_ONLY___ ╝

2025-07-14 13:37:27,921 INFO     ___FILE_ONLY___ ╔════════════════════════════════════════════════════════════╗

2025-07-14 13:37:27,921 INFO     ___FILE_ONLY___ ╠═ Installing: gcloud Preview Commands                      ═╣

2025-07-14 13:37:27,921 INFO     ___FILE_ONLY___ ╚
2025-07-14 13:37:27,922 INFO     ___FILE_ONLY___ ════════════════════════════════════════════════════════════
2025-07-14 13:37:27,922 INFO     ___FILE_ONLY___ ╝

2025-07-14 13:37:27,927 DEBUG    root            Updating notification cache...
2025-07-14 13:37:27,927 INFO     ___FILE_ONLY___ 

2025-07-14 13:37:27,929 INFO     ___FILE_ONLY___ Performing post processing steps...
2025-07-14 13:37:27,929 DEBUG    root            Executing command: ['/tools/google-cloud-sdk/bin/gcloud', 'components', 'post-process']
2025-07-14 13:37:35,587 DEBUG    ___FILE_ONLY___ 
2025-07-14 13:37:35,588 DEBUG    ___FILE_ONLY___ 
2025-07-14 13:37:35,691 INFO     root            descriptor_list: [{'universeDomain': 'googleapis.com', 'universeShortName': '', 'authenticationDomain': 'auth.cloud.google.com', 'projectPrefix': '', 'cloudWebDomain': 'cloud.google.com', 'documentationDomain': 'cloud.google.com', 'version': '1.0.0', 'state': 'primary', 'artifactRegistryDomain': 'pkg.dev'}]
2025-07-14 13:37:35,692 INFO     ___FILE_ONLY___ 
Update done!


2025-07-14 13:37:35,694 DEBUG    root            Chosen display Format:none
2025-07-14 13:37:35,694 INFO     root            Display format: "none"
