2025-07-14 13:37:07,534 DEBUG    root            Loaded Command Group: ['gcloud', 'components']
2025-07-14 13:37:07,538 DEBUG    root            Loaded Command Group: ['gcloud', 'components', 'update']
2025-07-14 13:37:07,540 DEBUG    root            Running [gcloud.components.update] with arguments: [--compile-python: "True", --quiet: "True", COMPONENT-IDS:6: "['core', 'gcloud-deps', 'bq', 'gcloud', 'gcloud-crc32c', 'gsutil']"]
2025-07-14 13:37:07,541 INFO     ___FILE_ONLY___ Beginning update. This process may take several minutes.

2025-07-14 13:37:07,572 DEBUG    urllib3.connectionpool Starting new HTTPS connection (1): dl.google.com:443
2025-07-14 13:37:07,631 DEBUG    urllib3.connectionpool https://dl.google.com:443 "GET /dl/cloudsdk/channels/rapid/components-2.json HTTP/11" 200 239798
2025-07-14 13:37:07,642 INFO     ___FILE_ONLY___ 

2025-07-14 13:37:07,643 INFO     ___FILE_ONLY___ 
Your current Google Cloud CLI version is: 529.0.0

2025-07-14 13:37:07,643 INFO     ___FILE_ONLY___ Installing components from version: 529.0.0

2025-07-14 13:37:07,643 INFO     ___FILE_ONLY___ 

2025-07-14 13:37:07,643 DEBUG    root            Chosen display Format:table[box,title="These components will be removed."](details.display_name:label=Name:align=left,version.version_string:label=Version:align=right,data.size.size(zero="",min=1048576):label=Size:align=right)
2025-07-14 13:37:07,644 DEBUG    root            Chosen display Format:table[box,title="These components will be updated."](details.display_name:label=Name:align=left,version.version_string:label=Version:align=right,data.size.size(zero="",min=1048576):label=Size:align=right)
2025-07-14 13:37:07,644 DEBUG    root            Chosen display Format:table[box,title="These components will be installed."](details.display_name:label=Name:align=left,version.version_string:label=Version:align=right,data.size.size(zero="",min=1048576):label=Size:align=right)
2025-07-14 13:37:07,679 INFO     ___FILE_ONLY___ ┌─────────────────────────────────────────────────────────────────────────────┐
2025-07-14 13:37:07,679 INFO     ___FILE_ONLY___ 

2025-07-14 13:37:07,680 INFO     ___FILE_ONLY___ │                     These components will be installed.                     │
2025-07-14 13:37:07,680 INFO     ___FILE_ONLY___ 

2025-07-14 13:37:07,680 INFO     ___FILE_ONLY___ ├─────────────────────────────────────────────────────┬────────────┬──────────┤
2025-07-14 13:37:07,680 INFO     ___FILE_ONLY___ 

2025-07-14 13:37:07,680 INFO     ___FILE_ONLY___ │                         Name                        │  Version   │   Size   │
2025-07-14 13:37:07,680 INFO     ___FILE_ONLY___ 

2025-07-14 13:37:07,680 INFO     ___FILE_ONLY___ ├─────────────────────────────────────────────────────┼────────────┼──────────┤
2025-07-14 13:37:07,680 INFO     ___FILE_ONLY___ 

2025-07-14 13:37:07,680 INFO     ___FILE_ONLY___ │ 
2025-07-14 13:37:07,680 INFO     ___FILE_ONLY___ BigQuery Command Line Tool                         
2025-07-14 13:37:07,680 INFO     ___FILE_ONLY___  
2025-07-14 13:37:07,680 INFO     ___FILE_ONLY___ │ 
2025-07-14 13:37:07,680 INFO     ___FILE_ONLY___     2.1.19
2025-07-14 13:37:07,680 INFO     ___FILE_ONLY___  
2025-07-14 13:37:07,680 INFO     ___FILE_ONLY___ │ 
2025-07-14 13:37:07,680 INFO     ___FILE_ONLY___  1.8 MiB
2025-07-14 13:37:07,680 INFO     ___FILE_ONLY___  
2025-07-14 13:37:07,680 INFO     ___FILE_ONLY___ │
2025-07-14 13:37:07,680 INFO     ___FILE_ONLY___ 

2025-07-14 13:37:07,681 INFO     ___FILE_ONLY___ │ 
2025-07-14 13:37:07,681 INFO     ___FILE_ONLY___ BigQuery Command Line Tool (Platform Specific)     
2025-07-14 13:37:07,681 INFO     ___FILE_ONLY___  
2025-07-14 13:37:07,681 INFO     ___FILE_ONLY___ │ 
2025-07-14 13:37:07,681 INFO     ___FILE_ONLY___     2.1.17
2025-07-14 13:37:07,681 INFO     ___FILE_ONLY___  
2025-07-14 13:37:07,681 INFO     ___FILE_ONLY___ │ 
2025-07-14 13:37:07,681 INFO     ___FILE_ONLY___  < 1 MiB
2025-07-14 13:37:07,681 INFO     ___FILE_ONLY___  
2025-07-14 13:37:07,681 INFO     ___FILE_ONLY___ │
2025-07-14 13:37:07,681 INFO     ___FILE_ONLY___ 

2025-07-14 13:37:07,681 INFO     ___FILE_ONLY___ │ 
2025-07-14 13:37:07,681 INFO     ___FILE_ONLY___ Bundled Python 3.12 (Platform Specific)            
2025-07-14 13:37:07,681 INFO     ___FILE_ONLY___  
2025-07-14 13:37:07,681 INFO     ___FILE_ONLY___ │ 
2025-07-14 13:37:07,681 INFO     ___FILE_ONLY___     3.12.9
2025-07-14 13:37:07,681 INFO     ___FILE_ONLY___  
2025-07-14 13:37:07,681 INFO     ___FILE_ONLY___ │ 
2025-07-14 13:37:07,681 INFO     ___FILE_ONLY___ 89.3 MiB
2025-07-14 13:37:07,681 INFO     ___FILE_ONLY___  
2025-07-14 13:37:07,681 INFO     ___FILE_ONLY___ │
2025-07-14 13:37:07,681 INFO     ___FILE_ONLY___ 

2025-07-14 13:37:07,682 INFO     ___FILE_ONLY___ │ 
2025-07-14 13:37:07,682 INFO     ___FILE_ONLY___ Cloud Storage Command Line Tool                    
2025-07-14 13:37:07,682 INFO     ___FILE_ONLY___  
2025-07-14 13:37:07,682 INFO     ___FILE_ONLY___ │ 
2025-07-14 13:37:07,682 INFO     ___FILE_ONLY___       5.35
2025-07-14 13:37:07,682 INFO     ___FILE_ONLY___  
2025-07-14 13:37:07,682 INFO     ___FILE_ONLY___ │ 
2025-07-14 13:37:07,682 INFO     ___FILE_ONLY___ 12.4 MiB
2025-07-14 13:37:07,682 INFO     ___FILE_ONLY___  
2025-07-14 13:37:07,682 INFO     ___FILE_ONLY___ │
2025-07-14 13:37:07,682 INFO     ___FILE_ONLY___ 

2025-07-14 13:37:07,682 INFO     ___FILE_ONLY___ │ 
2025-07-14 13:37:07,682 INFO     ___FILE_ONLY___ Cloud Storage Command Line Tool (Platform Specific)
2025-07-14 13:37:07,682 INFO     ___FILE_ONLY___  
2025-07-14 13:37:07,682 INFO     ___FILE_ONLY___ │ 
2025-07-14 13:37:07,682 INFO     ___FILE_ONLY___       5.34
2025-07-14 13:37:07,682 INFO     ___FILE_ONLY___  
2025-07-14 13:37:07,682 INFO     ___FILE_ONLY___ │ 
2025-07-14 13:37:07,682 INFO     ___FILE_ONLY___  < 1 MiB
2025-07-14 13:37:07,682 INFO     ___FILE_ONLY___  
2025-07-14 13:37:07,682 INFO     ___FILE_ONLY___ │
2025-07-14 13:37:07,682 INFO     ___FILE_ONLY___ 

2025-07-14 13:37:07,683 INFO     ___FILE_ONLY___ │ 
2025-07-14 13:37:07,683 INFO     ___FILE_ONLY___ Google Cloud CLI Core Libraries (Platform Specific)
2025-07-14 13:37:07,683 INFO     ___FILE_ONLY___  
2025-07-14 13:37:07,683 INFO     ___FILE_ONLY___ │ 
2025-07-14 13:37:07,683 INFO     ___FILE_ONLY___ 2025.05.23
2025-07-14 13:37:07,683 INFO     ___FILE_ONLY___  
2025-07-14 13:37:07,683 INFO     ___FILE_ONLY___ │ 
2025-07-14 13:37:07,683 INFO     ___FILE_ONLY___  < 1 MiB
2025-07-14 13:37:07,683 INFO     ___FILE_ONLY___  
2025-07-14 13:37:07,683 INFO     ___FILE_ONLY___ │
2025-07-14 13:37:07,683 INFO     ___FILE_ONLY___ 

2025-07-14 13:37:07,683 INFO     ___FILE_ONLY___ │ 
2025-07-14 13:37:07,683 INFO     ___FILE_ONLY___ Google Cloud CRC32C Hash Tool (Platform Specific)  
2025-07-14 13:37:07,683 INFO     ___FILE_ONLY___  
2025-07-14 13:37:07,683 INFO     ___FILE_ONLY___ │ 
2025-07-14 13:37:07,683 INFO     ___FILE_ONLY___      1.0.0
2025-07-14 13:37:07,683 INFO     ___FILE_ONLY___  
2025-07-14 13:37:07,683 INFO     ___FILE_ONLY___ │ 
2025-07-14 13:37:07,683 INFO     ___FILE_ONLY___  1.5 MiB
2025-07-14 13:37:07,683 INFO     ___FILE_ONLY___  
2025-07-14 13:37:07,683 INFO     ___FILE_ONLY___ │
2025-07-14 13:37:07,683 INFO     ___FILE_ONLY___ 

2025-07-14 13:37:07,684 INFO     ___FILE_ONLY___ │ 
2025-07-14 13:37:07,684 INFO     ___FILE_ONLY___ gcloud cli dependencies (Platform Specific)        
2025-07-14 13:37:07,684 INFO     ___FILE_ONLY___  
2025-07-14 13:37:07,684 INFO     ___FILE_ONLY___ │ 
2025-07-14 13:37:07,684 INFO     ___FILE_ONLY___ 2021.04.16
2025-07-14 13:37:07,684 INFO     ___FILE_ONLY___  
2025-07-14 13:37:07,684 INFO     ___FILE_ONLY___ │ 
2025-07-14 13:37:07,684 INFO     ___FILE_ONLY___  < 1 MiB
2025-07-14 13:37:07,684 INFO     ___FILE_ONLY___  
2025-07-14 13:37:07,684 INFO     ___FILE_ONLY___ │
2025-07-14 13:37:07,684 INFO     ___FILE_ONLY___ 

2025-07-14 13:37:07,684 INFO     ___FILE_ONLY___ └─────────────────────────────────────────────────────┴────────────┴──────────┘
2025-07-14 13:37:07,684 INFO     ___FILE_ONLY___ 

2025-07-14 13:37:07,684 INFO     ___FILE_ONLY___ 

2025-07-14 13:37:07,687 DEBUG    urllib3.connectionpool Starting new HTTPS connection (1): dl.google.com:443
2025-07-14 13:37:07,933 DEBUG    urllib3.connectionpool https://dl.google.com:443 "GET /dl/cloudsdk/channels/rapid/RELEASE_NOTES HTTP/11" 200 1444035
2025-07-14 13:37:08,402 INFO     ___FILE_ONLY___ For the latest full release notes, please visit:
  https://cloud.google.com/sdk/release_notes


2025-07-14 13:37:08,402 INFO     ___FILE_ONLY___ Performing in place update...


2025-07-14 13:37:08,404 INFO     ___FILE_ONLY___ ╔════════════════════════════════════════════════════════════╗

2025-07-14 13:37:08,404 INFO     ___FILE_ONLY___ ╠═ Downloading: BigQuery Command Line Tool                  ═╣

2025-07-14 13:37:08,404 INFO     ___FILE_ONLY___ ╚
2025-07-14 13:37:08,407 DEBUG    urllib3.connectionpool Starting new HTTPS connection (1): dl.google.com:443
2025-07-14 13:37:08,657 DEBUG    urllib3.connectionpool https://dl.google.com:443 "GET /dl/cloudsdk/channels/rapid/components/google-cloud-sdk-bq-20250627154417.tar.gz HTTP/11" 200 1850167
2025-07-14 13:37:08,671 INFO     ___FILE_ONLY___ ═
2025-07-14 13:37:08,671 INFO     ___FILE_ONLY___ ═
2025-07-14 13:37:08,671 INFO     ___FILE_ONLY___ ═
2025-07-14 13:37:08,671 INFO     ___FILE_ONLY___ ═
2025-07-14 13:37:08,671 INFO     ___FILE_ONLY___ ═
2025-07-14 13:37:08,671 INFO     ___FILE_ONLY___ ═
2025-07-14 13:37:08,672 INFO     ___FILE_ONLY___ ═
2025-07-14 13:37:08,672 INFO     ___FILE_ONLY___ ═
2025-07-14 13:37:08,672 INFO     ___FILE_ONLY___ ═
2025-07-14 13:37:08,672 INFO     ___FILE_ONLY___ ═
2025-07-14 13:37:08,672 INFO     ___FILE_ONLY___ ═
2025-07-14 13:37:08,672 INFO     ___FILE_ONLY___ ═
2025-07-14 13:37:08,672 INFO     ___FILE_ONLY___ ═
2025-07-14 13:37:08,672 INFO     ___FILE_ONLY___ ═
2025-07-14 13:37:08,672 INFO     ___FILE_ONLY___ ═
2025-07-14 13:37:08,672 INFO     ___FILE_ONLY___ ═
2025-07-14 13:37:08,672 INFO     ___FILE_ONLY___ ═
2025-07-14 13:37:08,673 INFO     ___FILE_ONLY___ ═
2025-07-14 13:37:08,673 INFO     ___FILE_ONLY___ ═
2025-07-14 13:37:08,673 INFO     ___FILE_ONLY___ ═
2025-07-14 13:37:08,673 INFO     ___FILE_ONLY___ ═
2025-07-14 13:37:08,673 INFO     ___FILE_ONLY___ ═
2025-07-14 13:37:08,673 INFO     ___FILE_ONLY___ ═
2025-07-14 13:37:08,673 INFO     ___FILE_ONLY___ ═
2025-07-14 13:37:08,673 INFO     ___FILE_ONLY___ ═
2025-07-14 13:37:08,673 INFO     ___FILE_ONLY___ ═
2025-07-14 13:37:08,673 INFO     ___FILE_ONLY___ ═
2025-07-14 13:37:08,673 INFO     ___FILE_ONLY___ ═
2025-07-14 13:37:08,673 INFO     ___FILE_ONLY___ ═
2025-07-14 13:37:08,674 INFO     ___FILE_ONLY___ ═
2025-07-14 13:37:08,674 INFO     ___FILE_ONLY___ ═
2025-07-14 13:37:08,674 INFO     ___FILE_ONLY___ ═
2025-07-14 13:37:08,674 INFO     ___FILE_ONLY___ ═
2025-07-14 13:37:08,674 INFO     ___FILE_ONLY___ ═
2025-07-14 13:37:08,674 INFO     ___FILE_ONLY___ ═
2025-07-14 13:37:08,674 INFO     ___FILE_ONLY___ ═
2025-07-14 13:37:08,674 INFO     ___FILE_ONLY___ ═
2025-07-14 13:37:08,674 INFO     ___FILE_ONLY___ ═
2025-07-14 13:37:08,674 INFO     ___FILE_ONLY___ ═
2025-07-14 13:37:08,674 INFO     ___FILE_ONLY___ ═
2025-07-14 13:37:08,674 INFO     ___FILE_ONLY___ ═
2025-07-14 13:37:08,675 INFO     ___FILE_ONLY___ ═
2025-07-14 13:37:08,675 INFO     ___FILE_ONLY___ ═
2025-07-14 13:37:08,675 INFO     ___FILE_ONLY___ ═
2025-07-14 13:37:08,675 INFO     ___FILE_ONLY___ ═
2025-07-14 13:37:08,675 INFO     ___FILE_ONLY___ ═
2025-07-14 13:37:08,675 INFO     ___FILE_ONLY___ ═
2025-07-14 13:37:08,675 INFO     ___FILE_ONLY___ ═
2025-07-14 13:37:08,675 INFO     ___FILE_ONLY___ ═
2025-07-14 13:37:08,675 INFO     ___FILE_ONLY___ ═
2025-07-14 13:37:08,675 INFO     ___FILE_ONLY___ ═
2025-07-14 13:37:08,675 INFO     ___FILE_ONLY___ ═
2025-07-14 13:37:08,675 INFO     ___FILE_ONLY___ ═
2025-07-14 13:37:08,676 INFO     ___FILE_ONLY___ ═
2025-07-14 13:37:08,676 INFO     ___FILE_ONLY___ ═
2025-07-14 13:37:08,676 INFO     ___FILE_ONLY___ ═
2025-07-14 13:37:08,676 INFO     ___FILE_ONLY___ ═
2025-07-14 13:37:08,676 INFO     ___FILE_ONLY___ ═
2025-07-14 13:37:08,676 INFO     ___FILE_ONLY___ ═
2025-07-14 13:37:08,676 INFO     ___FILE_ONLY___ ═
2025-07-14 13:37:08,676 INFO     ___FILE_ONLY___ ╝

2025-07-14 13:37:08,678 INFO     ___FILE_ONLY___ ╔════════════════════════════════════════════════════════════╗

2025-07-14 13:37:08,678 INFO     ___FILE_ONLY___ ╠═ Downloading: BigQuery Command Line Tool (Platform Spe... ═╣

2025-07-14 13:37:08,678 INFO     ___FILE_ONLY___ ╚
2025-07-14 13:37:08,682 DEBUG    urllib3.connectionpool Starting new HTTPS connection (1): dl.google.com:443
2025-07-14 13:37:08,928 DEBUG    urllib3.connectionpool https://dl.google.com:443 "GET /dl/cloudsdk/channels/rapid/components/google-cloud-sdk-bq-nix-20250523104322.tar.gz HTTP/11" 200 1935
2025-07-14 13:37:08,928 INFO     ___FILE_ONLY___ ════════════════════════════════════════════════════════════
2025-07-14 13:37:08,929 INFO     ___FILE_ONLY___ ╝

2025-07-14 13:37:08,930 INFO     ___FILE_ONLY___ ╔════════════════════════════════════════════════════════════╗

2025-07-14 13:37:08,931 INFO     ___FILE_ONLY___ ╠═ Downloading: Bundled Python 3.12                         ═╣

2025-07-14 13:37:08,931 INFO     ___FILE_ONLY___ ╚
2025-07-14 13:37:08,931 INFO     ___FILE_ONLY___ ════════════════════════════════════════════════════════════
2025-07-14 13:37:08,931 INFO     ___FILE_ONLY___ ╝

2025-07-14 13:37:08,932 INFO     ___FILE_ONLY___ ╔════════════════════════════════════════════════════════════╗

2025-07-14 13:37:08,932 INFO     ___FILE_ONLY___ ╠═ Downloading: Bundled Python 3.12 (Platform Specific)     ═╣

2025-07-14 13:37:08,933 INFO     ___FILE_ONLY___ ╚
2025-07-14 13:37:08,935 DEBUG    urllib3.connectionpool Starting new HTTPS connection (1): dl.google.com:443
2025-07-14 13:37:09,148 DEBUG    urllib3.connectionpool https://dl.google.com:443 "GET /dl/cloudsdk/channels/rapid/components/google-cloud-sdk-bundled-python3-unix-linux-x86_64-20250502143716.tar.gz HTTP/11" 200 93610468
2025-07-14 13:37:09,532 INFO     ___FILE_ONLY___ ═
2025-07-14 13:37:09,534 INFO     ___FILE_ONLY___ ═
2025-07-14 13:37:09,536 INFO     ___FILE_ONLY___ ═
2025-07-14 13:37:09,537 INFO     ___FILE_ONLY___ ═
2025-07-14 13:37:09,540 INFO     ___FILE_ONLY___ ═
2025-07-14 13:37:09,542 INFO     ___FILE_ONLY___ ═
2025-07-14 13:37:09,544 INFO     ___FILE_ONLY___ ═
2025-07-14 13:37:09,546 INFO     ___FILE_ONLY___ ═
2025-07-14 13:37:09,548 INFO     ___FILE_ONLY___ ═
2025-07-14 13:37:09,551 INFO     ___FILE_ONLY___ ═
2025-07-14 13:37:09,553 INFO     ___FILE_ONLY___ ═
2025-07-14 13:37:09,555 INFO     ___FILE_ONLY___ ═
2025-07-14 13:37:09,557 INFO     ___FILE_ONLY___ ═
2025-07-14 13:37:09,559 INFO     ___FILE_ONLY___ ═
2025-07-14 13:37:09,562 INFO     ___FILE_ONLY___ ═
2025-07-14 13:37:09,564 INFO     ___FILE_ONLY___ ═
2025-07-14 13:37:09,566 INFO     ___FILE_ONLY___ ═
2025-07-14 13:37:09,568 INFO     ___FILE_ONLY___ ═
2025-07-14 13:37:09,570 INFO     ___FILE_ONLY___ ═
2025-07-14 13:37:09,572 INFO     ___FILE_ONLY___ ═
2025-07-14 13:37:09,575 INFO     ___FILE_ONLY___ ═
2025-07-14 13:37:09,577 INFO     ___FILE_ONLY___ ═
2025-07-14 13:37:09,579 INFO     ___FILE_ONLY___ ═
2025-07-14 13:37:09,581 INFO     ___FILE_ONLY___ ═
2025-07-14 13:37:09,583 INFO     ___FILE_ONLY___ ═
2025-07-14 13:37:09,585 INFO     ___FILE_ONLY___ ═
2025-07-14 13:37:09,588 INFO     ___FILE_ONLY___ ═
2025-07-14 13:37:09,590 INFO     ___FILE_ONLY___ ═
2025-07-14 13:37:09,592 INFO     ___FILE_ONLY___ ═
2025-07-14 13:37:09,594 INFO     ___FILE_ONLY___ ═
2025-07-14 13:37:09,596 INFO     ___FILE_ONLY___ ═
2025-07-14 13:37:09,599 INFO     ___FILE_ONLY___ ═
2025-07-14 13:37:09,601 INFO     ___FILE_ONLY___ ═
2025-07-14 13:37:09,603 INFO     ___FILE_ONLY___ ═
2025-07-14 13:37:09,605 INFO     ___FILE_ONLY___ ═
2025-07-14 13:37:09,607 INFO     ___FILE_ONLY___ ═
2025-07-14 13:37:09,610 INFO     ___FILE_ONLY___ ═
2025-07-14 13:37:09,612 INFO     ___FILE_ONLY___ ═
2025-07-14 13:37:09,614 INFO     ___FILE_ONLY___ ═
2025-07-14 13:37:09,616 INFO     ___FILE_ONLY___ ═
2025-07-14 13:37:09,618 INFO     ___FILE_ONLY___ ═
2025-07-14 13:37:09,621 INFO     ___FILE_ONLY___ ═
2025-07-14 13:37:09,623 INFO     ___FILE_ONLY___ ═
2025-07-14 13:37:09,625 INFO     ___FILE_ONLY___ ═
2025-07-14 13:37:09,627 INFO     ___FILE_ONLY___ ═
2025-07-14 13:37:09,629 INFO     ___FILE_ONLY___ ═
2025-07-14 13:37:09,632 INFO     ___FILE_ONLY___ ═
2025-07-14 13:37:09,634 INFO     ___FILE_ONLY___ ═
2025-07-14 13:37:09,636 INFO     ___FILE_ONLY___ ═
2025-07-14 13:37:09,638 INFO     ___FILE_ONLY___ ═
2025-07-14 13:37:09,641 INFO     ___FILE_ONLY___ ═
2025-07-14 13:37:09,643 INFO     ___FILE_ONLY___ ═
2025-07-14 13:37:09,645 INFO     ___FILE_ONLY___ ═
2025-07-14 13:37:09,647 INFO     ___FILE_ONLY___ ═
2025-07-14 13:37:09,650 INFO     ___FILE_ONLY___ ═
2025-07-14 13:37:09,652 INFO     ___FILE_ONLY___ ═
2025-07-14 13:37:09,654 INFO     ___FILE_ONLY___ ═
2025-07-14 13:37:09,656 INFO     ___FILE_ONLY___ ═
2025-07-14 13:37:09,659 INFO     ___FILE_ONLY___ ═
2025-07-14 13:37:09,661 INFO     ___FILE_ONLY___ ═
2025-07-14 13:37:09,661 INFO     ___FILE_ONLY___ ╝

2025-07-14 13:37:09,663 INFO     ___FILE_ONLY___ ╔════════════════════════════════════════════════════════════╗

2025-07-14 13:37:09,663 INFO     ___FILE_ONLY___ ╠═ Downloading: Cloud Storage Command Line Tool             ═╣

2025-07-14 13:37:09,663 INFO     ___FILE_ONLY___ ╚
2025-07-14 13:37:09,667 DEBUG    urllib3.connectionpool Starting new HTTPS connection (1): dl.google.com:443
2025-07-14 13:37:09,874 DEBUG    urllib3.connectionpool https://dl.google.com:443 "GET /dl/cloudsdk/channels/rapid/components/google-cloud-sdk-gsutil-20250627154417.tar.gz HTTP/11" 200 12962791
2025-07-14 13:37:09,920 INFO     ___FILE_ONLY___ ═
2025-07-14 13:37:09,920 INFO     ___FILE_ONLY___ ═
2025-07-14 13:37:09,920 INFO     ___FILE_ONLY___ ═
2025-07-14 13:37:09,920 INFO     ___FILE_ONLY___ ═
2025-07-14 13:37:09,921 INFO     ___FILE_ONLY___ ═
2025-07-14 13:37:09,921 INFO     ___FILE_ONLY___ ═
2025-07-14 13:37:09,921 INFO     ___FILE_ONLY___ ═
2025-07-14 13:37:09,922 INFO     ___FILE_ONLY___ ═
2025-07-14 13:37:09,922 INFO     ___FILE_ONLY___ ═
2025-07-14 13:37:09,922 INFO     ___FILE_ONLY___ ═
2025-07-14 13:37:09,922 INFO     ___FILE_ONLY___ ═
2025-07-14 13:37:09,923 INFO     ___FILE_ONLY___ ═
2025-07-14 13:37:09,923 INFO     ___FILE_ONLY___ ═
2025-07-14 13:37:09,923 INFO     ___FILE_ONLY___ ═
2025-07-14 13:37:09,924 INFO     ___FILE_ONLY___ ═
2025-07-14 13:37:09,924 INFO     ___FILE_ONLY___ ═
2025-07-14 13:37:09,924 INFO     ___FILE_ONLY___ ═
2025-07-14 13:37:09,924 INFO     ___FILE_ONLY___ ═
2025-07-14 13:37:09,925 INFO     ___FILE_ONLY___ ═
2025-07-14 13:37:09,925 INFO     ___FILE_ONLY___ ═
2025-07-14 13:37:09,925 INFO     ___FILE_ONLY___ ═
2025-07-14 13:37:09,926 INFO     ___FILE_ONLY___ ═
2025-07-14 13:37:09,926 INFO     ___FILE_ONLY___ ═
2025-07-14 13:37:09,926 INFO     ___FILE_ONLY___ ═
2025-07-14 13:37:09,926 INFO     ___FILE_ONLY___ ═
2025-07-14 13:37:09,927 INFO     ___FILE_ONLY___ ═
2025-07-14 13:37:09,927 INFO     ___FILE_ONLY___ ═
2025-07-14 13:37:09,927 INFO     ___FILE_ONLY___ ═
2025-07-14 13:37:09,928 INFO     ___FILE_ONLY___ ═
2025-07-14 13:37:09,928 INFO     ___FILE_ONLY___ ═
2025-07-14 13:37:09,928 INFO     ___FILE_ONLY___ ═
2025-07-14 13:37:09,928 INFO     ___FILE_ONLY___ ═
2025-07-14 13:37:09,929 INFO     ___FILE_ONLY___ ═
2025-07-14 13:37:09,929 INFO     ___FILE_ONLY___ ═
2025-07-14 13:37:09,929 INFO     ___FILE_ONLY___ ═
2025-07-14 13:37:09,930 INFO     ___FILE_ONLY___ ═
2025-07-14 13:37:09,930 INFO     ___FILE_ONLY___ ═
2025-07-14 13:37:09,930 INFO     ___FILE_ONLY___ ═
2025-07-14 13:37:09,930 INFO     ___FILE_ONLY___ ═
2025-07-14 13:37:09,931 INFO     ___FILE_ONLY___ ═
2025-07-14 13:37:09,931 INFO     ___FILE_ONLY___ ═
2025-07-14 13:37:09,931 INFO     ___FILE_ONLY___ ═
2025-07-14 13:37:09,932 INFO     ___FILE_ONLY___ ═
2025-07-14 13:37:09,932 INFO     ___FILE_ONLY___ ═
2025-07-14 13:37:09,932 INFO     ___FILE_ONLY___ ═
2025-07-14 13:37:09,933 INFO     ___FILE_ONLY___ ═
2025-07-14 13:37:09,933 INFO     ___FILE_ONLY___ ═
2025-07-14 13:37:09,933 INFO     ___FILE_ONLY___ ═
2025-07-14 13:37:09,933 INFO     ___FILE_ONLY___ ═
2025-07-14 13:37:09,934 INFO     ___FILE_ONLY___ ═
2025-07-14 13:37:09,934 INFO     ___FILE_ONLY___ ═
2025-07-14 13:37:09,934 INFO     ___FILE_ONLY___ ═
2025-07-14 13:37:09,935 INFO     ___FILE_ONLY___ ═
2025-07-14 13:37:09,935 INFO     ___FILE_ONLY___ ═
2025-07-14 13:37:09,935 INFO     ___FILE_ONLY___ ═
2025-07-14 13:37:09,935 INFO     ___FILE_ONLY___ ═
2025-07-14 13:37:09,936 INFO     ___FILE_ONLY___ ═
2025-07-14 13:37:09,936 INFO     ___FILE_ONLY___ ═
2025-07-14 13:37:09,936 INFO     ___FILE_ONLY___ ═
2025-07-14 13:37:09,937 INFO     ___FILE_ONLY___ ═
2025-07-14 13:37:09,937 INFO     ___FILE_ONLY___ ╝

2025-07-14 13:37:09,939 INFO     ___FILE_ONLY___ ╔════════════════════════════════════════════════════════════╗

2025-07-14 13:37:09,939 INFO     ___FILE_ONLY___ ╠═ Downloading: Cloud Storage Command Line Tool (Platfor... ═╣

2025-07-14 13:37:09,939 INFO     ___FILE_ONLY___ ╚
2025-07-14 13:37:09,942 DEBUG    urllib3.connectionpool Starting new HTTPS connection (1): dl.google.com:443
2025-07-14 13:37:10,145 DEBUG    urllib3.connectionpool https://dl.google.com:443 "GET /dl/cloudsdk/channels/rapid/components/google-cloud-sdk-gsutil-nix-20250523104322.tar.gz HTTP/11" 200 1950
2025-07-14 13:37:10,146 INFO     ___FILE_ONLY___ ════════════════════════════════════════════════════════════
2025-07-14 13:37:10,146 INFO     ___FILE_ONLY___ ╝

2025-07-14 13:37:10,148 INFO     ___FILE_ONLY___ ╔════════════════════════════════════════════════════════════╗

2025-07-14 13:37:10,148 INFO     ___FILE_ONLY___ ╠═ Downloading: Default set of gcloud commands              ═╣

2025-07-14 13:37:10,148 INFO     ___FILE_ONLY___ ╚
2025-07-14 13:37:10,148 INFO     ___FILE_ONLY___ ════════════════════════════════════════════════════════════
2025-07-14 13:37:10,148 INFO     ___FILE_ONLY___ ╝

2025-07-14 13:37:10,150 INFO     ___FILE_ONLY___ ╔════════════════════════════════════════════════════════════╗

2025-07-14 13:37:10,150 INFO     ___FILE_ONLY___ ╠═ Downloading: Google Cloud CLI Core Libraries (Platfor... ═╣

2025-07-14 13:37:10,150 INFO     ___FILE_ONLY___ ╚
2025-07-14 13:37:10,153 DEBUG    urllib3.connectionpool Starting new HTTPS connection (1): dl.google.com:443
2025-07-14 13:37:10,439 DEBUG    urllib3.connectionpool https://dl.google.com:443 "GET /dl/cloudsdk/channels/rapid/components/google-cloud-sdk-core-nix-20250523104322.tar.gz HTTP/11" 200 2325
2025-07-14 13:37:10,440 INFO     ___FILE_ONLY___ ════════════════════════════════════════════════════════════
2025-07-14 13:37:10,440 INFO     ___FILE_ONLY___ ╝

2025-07-14 13:37:10,442 INFO     ___FILE_ONLY___ ╔════════════════════════════════════════════════════════════╗

2025-07-14 13:37:10,442 INFO     ___FILE_ONLY___ ╠═ Downloading: Google Cloud CRC32C Hash Tool               ═╣

2025-07-14 13:37:10,442 INFO     ___FILE_ONLY___ ╚
2025-07-14 13:37:10,442 INFO     ___FILE_ONLY___ ════════════════════════════════════════════════════════════
2025-07-14 13:37:10,442 INFO     ___FILE_ONLY___ ╝

2025-07-14 13:37:10,443 INFO     ___FILE_ONLY___ ╔════════════════════════════════════════════════════════════╗

2025-07-14 13:37:10,444 INFO     ___FILE_ONLY___ ╠═ Downloading: Google Cloud CRC32C Hash Tool (Platform ... ═╣

2025-07-14 13:37:10,444 INFO     ___FILE_ONLY___ ╚
2025-07-14 13:37:10,446 DEBUG    urllib3.connectionpool Starting new HTTPS connection (1): dl.google.com:443
2025-07-14 13:37:10,695 DEBUG    urllib3.connectionpool https://dl.google.com:443 "GET /dl/cloudsdk/channels/rapid/components/google-cloud-sdk-gcloud-crc32c-linux-x86_64-20250613150750.tar.gz HTTP/11" 200 1525557
2025-07-14 13:37:10,706 INFO     ___FILE_ONLY___ ═
2025-07-14 13:37:10,706 INFO     ___FILE_ONLY___ ═
2025-07-14 13:37:10,706 INFO     ___FILE_ONLY___ ═
2025-07-14 13:37:10,706 INFO     ___FILE_ONLY___ ═
2025-07-14 13:37:10,706 INFO     ___FILE_ONLY___ ═
2025-07-14 13:37:10,706 INFO     ___FILE_ONLY___ ═
2025-07-14 13:37:10,706 INFO     ___FILE_ONLY___ ═
2025-07-14 13:37:10,706 INFO     ___FILE_ONLY___ ═
2025-07-14 13:37:10,707 INFO     ___FILE_ONLY___ ═
2025-07-14 13:37:10,707 INFO     ___FILE_ONLY___ ═
2025-07-14 13:37:10,707 INFO     ___FILE_ONLY___ ═
2025-07-14 13:37:10,707 INFO     ___FILE_ONLY___ ═
2025-07-14 13:37:10,707 INFO     ___FILE_ONLY___ ═
2025-07-14 13:37:10,707 INFO     ___FILE_ONLY___ ═
2025-07-14 13:37:10,707 INFO     ___FILE_ONLY___ ═
2025-07-14 13:37:10,707 INFO     ___FILE_ONLY___ ═
2025-07-14 13:37:10,707 INFO     ___FILE_ONLY___ ═
2025-07-14 13:37:10,707 INFO     ___FILE_ONLY___ ═
2025-07-14 13:37:10,707 INFO     ___FILE_ONLY___ ═
2025-07-14 13:37:10,707 INFO     ___FILE_ONLY___ ═
2025-07-14 13:37:10,707 INFO     ___FILE_ONLY___ ═
2025-07-14 13:37:10,708 INFO     ___FILE_ONLY___ ═
2025-07-14 13:37:10,708 INFO     ___FILE_ONLY___ ═
2025-07-14 13:37:10,708 INFO     ___FILE_ONLY___ ═
2025-07-14 13:37:10,708 INFO     ___FILE_ONLY___ ═
2025-07-14 13:37:10,708 INFO     ___FILE_ONLY___ ═
2025-07-14 13:37:10,708 INFO     ___FILE_ONLY___ ═
2025-07-14 13:37:10,708 INFO     ___FILE_ONLY___ ═
2025-07-14 13:37:10,708 INFO     ___FILE_ONLY___ ═
2025-07-14 13:37:10,708 INFO     ___FILE_ONLY___ ═
2025-07-14 13:37:10,708 INFO     ___FILE_ONLY___ ═
2025-07-14 13:37:10,708 INFO     ___FILE_ONLY___ ═
2025-07-14 13:37:10,708 INFO     ___FILE_ONLY___ ═
2025-07-14 13:37:10,708 INFO     ___FILE_ONLY___ ═
2025-07-14 13:37:10,709 INFO     ___FILE_ONLY___ ═
2025-07-14 13:37:10,709 INFO     ___FILE_ONLY___ ═
2025-07-14 13:37:10,709 INFO     ___FILE_ONLY___ ═
2025-07-14 13:37:10,709 INFO     ___FILE_ONLY___ ═
2025-07-14 13:37:10,709 INFO     ___FILE_ONLY___ ═
2025-07-14 13:37:10,709 INFO     ___FILE_ONLY___ ═
2025-07-14 13:37:10,709 INFO     ___FILE_ONLY___ ═
2025-07-14 13:37:10,709 INFO     ___FILE_ONLY___ ═
2025-07-14 13:37:10,709 INFO     ___FILE_ONLY___ ═
2025-07-14 13:37:10,709 INFO     ___FILE_ONLY___ ═
2025-07-14 13:37:10,709 INFO     ___FILE_ONLY___ ═
2025-07-14 13:37:10,709 INFO     ___FILE_ONLY___ ═
2025-07-14 13:37:10,709 INFO     ___FILE_ONLY___ ═
2025-07-14 13:37:10,710 INFO     ___FILE_ONLY___ ═
2025-07-14 13:37:10,710 INFO     ___FILE_ONLY___ ═
2025-07-14 13:37:10,710 INFO     ___FILE_ONLY___ ═
2025-07-14 13:37:10,710 INFO     ___FILE_ONLY___ ═
2025-07-14 13:37:10,710 INFO     ___FILE_ONLY___ ═
2025-07-14 13:37:10,710 INFO     ___FILE_ONLY___ ═
2025-07-14 13:37:10,710 INFO     ___FILE_ONLY___ ═
2025-07-14 13:37:10,710 INFO     ___FILE_ONLY___ ═
2025-07-14 13:37:10,710 INFO     ___FILE_ONLY___ ═
2025-07-14 13:37:10,710 INFO     ___FILE_ONLY___ ═
2025-07-14 13:37:10,710 INFO     ___FILE_ONLY___ ═
2025-07-14 13:37:10,710 INFO     ___FILE_ONLY___ ═
2025-07-14 13:37:10,710 INFO     ___FILE_ONLY___ ═
2025-07-14 13:37:10,710 INFO     ___FILE_ONLY___ ╝

2025-07-14 13:37:10,712 INFO     ___FILE_ONLY___ ╔════════════════════════════════════════════════════════════╗

2025-07-14 13:37:10,712 INFO     ___FILE_ONLY___ ╠═ Downloading: gcloud cli dependencies (Platform Specific) ═╣

2025-07-14 13:37:10,712 INFO     ___FILE_ONLY___ ╚
2025-07-14 13:37:10,715 DEBUG    urllib3.connectionpool Starting new HTTPS connection (1): dl.google.com:443
2025-07-14 13:37:11,004 DEBUG    urllib3.connectionpool https://dl.google.com:443 "GET /dl/cloudsdk/channels/rapid/components/google-cloud-sdk-gcloud-deps-linux-x86_64-20210416153011.tar.gz HTTP/11" 200 104
2025-07-14 13:37:11,004 INFO     ___FILE_ONLY___ ════════════════════════════════════════════════════════════
2025-07-14 13:37:11,005 INFO     ___FILE_ONLY___ ╝

2025-07-14 13:37:11,007 INFO     ___FILE_ONLY___ ╔════════════════════════════════════════════════════════════╗

2025-07-14 13:37:11,007 INFO     ___FILE_ONLY___ ╠═ Installing: BigQuery Command Line Tool                   ═╣

2025-07-14 13:37:11,007 INFO     ___FILE_ONLY___ ╚
2025-07-14 13:37:11,118 INFO     ___FILE_ONLY___ ═
2025-07-14 13:37:11,120 INFO     ___FILE_ONLY___ ═
2025-07-14 13:37:11,122 INFO     ___FILE_ONLY___ ═
2025-07-14 13:37:11,124 INFO     ___FILE_ONLY___ ═
2025-07-14 13:37:11,127 INFO     ___FILE_ONLY___ ═
2025-07-14 13:37:11,129 INFO     ___FILE_ONLY___ ═
2025-07-14 13:37:11,131 INFO     ___FILE_ONLY___ ═
2025-07-14 13:37:11,133 INFO     ___FILE_ONLY___ ═
2025-07-14 13:37:11,135 INFO     ___FILE_ONLY___ ═
2025-07-14 13:37:11,137 INFO     ___FILE_ONLY___ ═
2025-07-14 13:37:11,139 INFO     ___FILE_ONLY___ ═
2025-07-14 13:37:11,141 INFO     ___FILE_ONLY___ ═
2025-07-14 13:37:11,143 INFO     ___FILE_ONLY___ ═
2025-07-14 13:37:11,145 INFO     ___FILE_ONLY___ ═
2025-07-14 13:37:11,147 INFO     ___FILE_ONLY___ ═
2025-07-14 13:37:11,149 INFO     ___FILE_ONLY___ ═
2025-07-14 13:37:11,151 INFO     ___FILE_ONLY___ ═
2025-07-14 13:37:11,153 INFO     ___FILE_ONLY___ ═
2025-07-14 13:37:11,155 INFO     ___FILE_ONLY___ ═
2025-07-14 13:37:11,158 INFO     ___FILE_ONLY___ ═
2025-07-14 13:37:11,160 INFO     ___FILE_ONLY___ ═
2025-07-14 13:37:11,162 INFO     ___FILE_ONLY___ ═
2025-07-14 13:37:11,164 INFO     ___FILE_ONLY___ ═
2025-07-14 13:37:11,166 INFO     ___FILE_ONLY___ ═
2025-07-14 13:37:11,168 INFO     ___FILE_ONLY___ ═
2025-07-14 13:37:11,169 INFO     ___FILE_ONLY___ ═
2025-07-14 13:37:11,172 INFO     ___FILE_ONLY___ ═
2025-07-14 13:37:11,173 INFO     ___FILE_ONLY___ ═
2025-07-14 13:37:11,175 INFO     ___FILE_ONLY___ ═
2025-07-14 13:37:11,179 INFO     ___FILE_ONLY___ ═
2025-07-14 13:37:11,181 INFO     ___FILE_ONLY___ ═
2025-07-14 13:37:11,183 INFO     ___FILE_ONLY___ ═
2025-07-14 13:37:11,184 INFO     ___FILE_ONLY___ ═
2025-07-14 13:37:11,188 INFO     ___FILE_ONLY___ ═
2025-07-14 13:37:11,190 INFO     ___FILE_ONLY___ ═
2025-07-14 13:37:11,196 INFO     ___FILE_ONLY___ ═
2025-07-14 13:37:11,202 INFO     ___FILE_ONLY___ ═
2025-07-14 13:37:11,206 INFO     ___FILE_ONLY___ ═
2025-07-14 13:37:11,208 INFO     ___FILE_ONLY___ ═
2025-07-14 13:37:11,210 INFO     ___FILE_ONLY___ ═
2025-07-14 13:37:11,212 INFO     ___FILE_ONLY___ ═
2025-07-14 13:37:11,214 INFO     ___FILE_ONLY___ ═
2025-07-14 13:37:11,218 INFO     ___FILE_ONLY___ ═
2025-07-14 13:37:11,221 INFO     ___FILE_ONLY___ ═
2025-07-14 13:37:11,223 INFO     ___FILE_ONLY___ ═
2025-07-14 13:37:11,225 INFO     ___FILE_ONLY___ ═
2025-07-14 13:37:11,227 INFO     ___FILE_ONLY___ ═
2025-07-14 13:37:11,229 INFO     ___FILE_ONLY___ ═
2025-07-14 13:37:11,231 INFO     ___FILE_ONLY___ ═
2025-07-14 13:37:11,233 INFO     ___FILE_ONLY___ ═
2025-07-14 13:37:11,235 INFO     ___FILE_ONLY___ ═
2025-07-14 13:37:11,237 INFO     ___FILE_ONLY___ ═
2025-07-14 13:37:11,239 INFO     ___FILE_ONLY___ ═
2025-07-14 13:37:11,241 INFO     ___FILE_ONLY___ ═
2025-07-14 13:37:11,243 INFO     ___FILE_ONLY___ ═
2025-07-14 13:37:11,245 INFO     ___FILE_ONLY___ ═
2025-07-14 13:37:11,247 INFO     ___FILE_ONLY___ ═
2025-07-14 13:37:11,249 INFO     ___FILE_ONLY___ ═
2025-07-14 13:37:11,250 INFO     ___FILE_ONLY___ ═
2025-07-14 13:37:11,253 INFO     ___FILE_ONLY___ ═
2025-07-14 13:37:11,253 INFO     ___FILE_ONLY___ ╝

2025-07-14 13:37:11,260 INFO     ___FILE_ONLY___ ╔════════════════════════════════════════════════════════════╗

2025-07-14 13:37:11,260 INFO     ___FILE_ONLY___ ╠═ Installing: BigQuery Command Line Tool (Platform Spec... ═╣

2025-07-14 13:37:11,260 INFO     ___FILE_ONLY___ ╚
2025-07-14 13:37:11,261 INFO     ___FILE_ONLY___ ════════════════════════════════════════════════════════════
2025-07-14 13:37:11,261 INFO     ___FILE_ONLY___ ╝

2025-07-14 13:37:11,266 INFO     ___FILE_ONLY___ ╔════════════════════════════════════════════════════════════╗

2025-07-14 13:37:11,266 INFO     ___FILE_ONLY___ ╠═ Installing: Bundled Python 3.12                          ═╣

2025-07-14 13:37:11,266 INFO     ___FILE_ONLY___ ╚
2025-07-14 13:37:11,269 INFO     ___FILE_ONLY___ ════════════════════════════════════════════════════════════
2025-07-14 13:37:11,269 INFO     ___FILE_ONLY___ ╝

2025-07-14 13:37:11,270 INFO     ___FILE_ONLY___ ╔════════════════════════════════════════════════════════════╗

2025-07-14 13:37:11,271 INFO     ___FILE_ONLY___ ╠═ Installing: Bundled Python 3.12 (Platform Specific)      ═╣

2025-07-14 13:37:11,271 INFO     ___FILE_ONLY___ ╚
2025-07-14 13:37:13,494 INFO     ___FILE_ONLY___ ═
2025-07-14 13:37:13,505 INFO     ___FILE_ONLY___ ═
2025-07-14 13:37:13,516 INFO     ___FILE_ONLY___ ═
2025-07-14 13:37:13,527 INFO     ___FILE_ONLY___ ═
2025-07-14 13:37:13,539 INFO     ___FILE_ONLY___ ═
2025-07-14 13:37:13,550 INFO     ___FILE_ONLY___ ═
2025-07-14 13:37:13,563 INFO     ___FILE_ONLY___ ═
2025-07-14 13:37:13,573 INFO     ___FILE_ONLY___ ═
2025-07-14 13:37:13,585 INFO     ___FILE_ONLY___ ═
2025-07-14 13:37:13,596 INFO     ___FILE_ONLY___ ═
2025-07-14 13:37:13,607 INFO     ___FILE_ONLY___ ═
2025-07-14 13:37:13,618 INFO     ___FILE_ONLY___ ═
2025-07-14 13:37:13,629 INFO     ___FILE_ONLY___ ═
2025-07-14 13:37:13,640 INFO     ___FILE_ONLY___ ═
2025-07-14 13:37:13,652 INFO     ___FILE_ONLY___ ═
2025-07-14 13:37:13,664 INFO     ___FILE_ONLY___ ═
2025-07-14 13:37:13,675 INFO     ___FILE_ONLY___ ═
2025-07-14 13:37:13,686 INFO     ___FILE_ONLY___ ═
2025-07-14 13:37:13,697 INFO     ___FILE_ONLY___ ═
2025-07-14 13:37:13,709 INFO     ___FILE_ONLY___ ═
2025-07-14 13:37:13,720 INFO     ___FILE_ONLY___ ═
2025-07-14 13:37:13,732 INFO     ___FILE_ONLY___ ═
2025-07-14 13:37:13,743 INFO     ___FILE_ONLY___ ═
2025-07-14 13:37:13,754 INFO     ___FILE_ONLY___ ═
2025-07-14 13:37:13,765 INFO     ___FILE_ONLY___ ═
2025-07-14 13:37:13,777 INFO     ___FILE_ONLY___ ═
2025-07-14 13:37:13,787 INFO     ___FILE_ONLY___ ═
2025-07-14 13:37:13,798 INFO     ___FILE_ONLY___ ═
2025-07-14 13:37:13,810 INFO     ___FILE_ONLY___ ═
2025-07-14 13:37:13,821 INFO     ___FILE_ONLY___ ═
2025-07-14 13:37:13,832 INFO     ___FILE_ONLY___ ═
2025-07-14 13:37:13,844 INFO     ___FILE_ONLY___ ═
2025-07-14 13:37:13,855 INFO     ___FILE_ONLY___ ═
2025-07-14 13:37:13,867 INFO     ___FILE_ONLY___ ═
2025-07-14 13:37:13,882 INFO     ___FILE_ONLY___ ═
2025-07-14 13:37:13,896 INFO     ___FILE_ONLY___ ═
2025-07-14 13:37:14,767 INFO     ___FILE_ONLY___ ═
2025-07-14 13:37:14,793 INFO     ___FILE_ONLY___ ═
2025-07-14 13:37:15,292 INFO     ___FILE_ONLY___ ═
2025-07-14 13:37:15,309 INFO     ___FILE_ONLY___ ═
2025-07-14 13:37:15,329 INFO     ___FILE_ONLY___ ═
2025-07-14 13:37:15,353 INFO     ___FILE_ONLY___ ═
2025-07-14 13:37:15,371 INFO     ___FILE_ONLY___ ═
2025-07-14 13:37:15,397 INFO     ___FILE_ONLY___ ═
2025-07-14 13:37:15,416 INFO     ___FILE_ONLY___ ═
2025-07-14 13:37:15,434 INFO     ___FILE_ONLY___ ═
2025-07-14 13:37:15,449 INFO     ___FILE_ONLY___ ═
2025-07-14 13:37:15,465 INFO     ___FILE_ONLY___ ═
2025-07-14 13:37:15,552 INFO     ___FILE_ONLY___ ═
2025-07-14 13:37:15,570 INFO     ___FILE_ONLY___ ═
2025-07-14 13:37:15,707 INFO     ___FILE_ONLY___ ═
2025-07-14 13:37:15,723 INFO     ___FILE_ONLY___ ═
2025-07-14 13:37:15,739 INFO     ___FILE_ONLY___ ═
2025-07-14 13:37:15,754 INFO     ___FILE_ONLY___ ═
2025-07-14 13:37:15,769 INFO     ___FILE_ONLY___ ═
2025-07-14 13:37:15,786 INFO     ___FILE_ONLY___ ═
2025-07-14 13:37:15,802 INFO     ___FILE_ONLY___ ═
2025-07-14 13:37:15,817 INFO     ___FILE_ONLY___ ═
2025-07-14 13:37:15,844 INFO     ___FILE_ONLY___ ═
2025-07-14 13:37:16,324 INFO     ___FILE_ONLY___ ═
2025-07-14 13:37:16,324 INFO     ___FILE_ONLY___ ╝

2025-07-14 13:37:16,376 INFO     ___FILE_ONLY___ ╔════════════════════════════════════════════════════════════╗

2025-07-14 13:37:16,376 INFO     ___FILE_ONLY___ ╠═ Installing: Cloud Storage Command Line Tool              ═╣

2025-07-14 13:37:16,377 INFO     ___FILE_ONLY___ ╚
2025-07-14 13:37:16,928 INFO     ___FILE_ONLY___ ═
2025-07-14 13:37:16,940 INFO     ___FILE_ONLY___ ═
2025-07-14 13:37:16,950 INFO     ___FILE_ONLY___ ═
2025-07-14 13:37:16,959 INFO     ___FILE_ONLY___ ═
2025-07-14 13:37:16,969 INFO     ___FILE_ONLY___ ═
2025-07-14 13:37:17,003 INFO     ___FILE_ONLY___ ═
2025-07-14 13:37:17,015 INFO     ___FILE_ONLY___ ═
2025-07-14 13:37:17,030 INFO     ___FILE_ONLY___ ═
2025-07-14 13:37:17,045 INFO     ___FILE_ONLY___ ═
2025-07-14 13:37:17,059 INFO     ___FILE_ONLY___ ═
2025-07-14 13:37:17,076 INFO     ___FILE_ONLY___ ═
2025-07-14 13:37:17,087 INFO     ___FILE_ONLY___ ═
2025-07-14 13:37:17,098 INFO     ___FILE_ONLY___ ═
2025-07-14 13:37:17,106 INFO     ___FILE_ONLY___ ═
2025-07-14 13:37:17,115 INFO     ___FILE_ONLY___ ═
2025-07-14 13:37:17,131 INFO     ___FILE_ONLY___ ═
2025-07-14 13:37:17,144 INFO     ___FILE_ONLY___ ═
2025-07-14 13:37:17,153 INFO     ___FILE_ONLY___ ═
2025-07-14 13:37:17,164 INFO     ___FILE_ONLY___ ═
2025-07-14 13:37:17,175 INFO     ___FILE_ONLY___ ═
2025-07-14 13:37:17,184 INFO     ___FILE_ONLY___ ═
2025-07-14 13:37:17,196 INFO     ___FILE_ONLY___ ═
2025-07-14 13:37:17,205 INFO     ___FILE_ONLY___ ═
2025-07-14 13:37:17,216 INFO     ___FILE_ONLY___ ═
2025-07-14 13:37:17,225 INFO     ___FILE_ONLY___ ═
2025-07-14 13:37:17,235 INFO     ___FILE_ONLY___ ═
2025-07-14 13:37:17,245 INFO     ___FILE_ONLY___ ═
2025-07-14 13:37:17,258 INFO     ___FILE_ONLY___ ═
2025-07-14 13:37:17,273 INFO     ___FILE_ONLY___ ═
2025-07-14 13:37:17,284 INFO     ___FILE_ONLY___ ═
2025-07-14 13:37:17,296 INFO     ___FILE_ONLY___ ═
2025-07-14 13:37:17,316 INFO     ___FILE_ONLY___ ═
2025-07-14 13:37:17,330 INFO     ___FILE_ONLY___ ═
2025-07-14 13:37:17,348 INFO     ___FILE_ONLY___ ═
2025-07-14 13:37:17,362 INFO     ___FILE_ONLY___ ═
2025-07-14 13:37:17,378 INFO     ___FILE_ONLY___ ═
2025-07-14 13:37:17,387 INFO     ___FILE_ONLY___ ═
2025-07-14 13:37:17,397 INFO     ___FILE_ONLY___ ═
2025-07-14 13:37:17,431 INFO     ___FILE_ONLY___ ═
2025-07-14 13:37:17,446 INFO     ___FILE_ONLY___ ═
2025-07-14 13:37:17,457 INFO     ___FILE_ONLY___ ═
2025-07-14 13:37:17,466 INFO     ___FILE_ONLY___ ═
2025-07-14 13:37:17,476 INFO     ___FILE_ONLY___ ═
2025-07-14 13:37:17,486 INFO     ___FILE_ONLY___ ═
2025-07-14 13:37:17,496 INFO     ___FILE_ONLY___ ═
2025-07-14 13:37:17,505 INFO     ___FILE_ONLY___ ═
2025-07-14 13:37:17,514 INFO     ___FILE_ONLY___ ═
2025-07-14 13:37:17,523 INFO     ___FILE_ONLY___ ═
2025-07-14 13:37:17,532 INFO     ___FILE_ONLY___ ═
2025-07-14 13:37:17,544 INFO     ___FILE_ONLY___ ═
2025-07-14 13:37:17,558 INFO     ___FILE_ONLY___ ═
2025-07-14 13:37:17,571 INFO     ___FILE_ONLY___ ═
2025-07-14 13:37:17,583 INFO     ___FILE_ONLY___ ═
2025-07-14 13:37:17,596 INFO     ___FILE_ONLY___ ═
2025-07-14 13:37:17,608 INFO     ___FILE_ONLY___ ═
2025-07-14 13:37:17,622 INFO     ___FILE_ONLY___ ═
2025-07-14 13:37:17,637 INFO     ___FILE_ONLY___ ═
2025-07-14 13:37:17,657 INFO     ___FILE_ONLY___ ═
2025-07-14 13:37:17,673 INFO     ___FILE_ONLY___ ═
2025-07-14 13:37:17,690 INFO     ___FILE_ONLY___ ═
2025-07-14 13:37:17,690 INFO     ___FILE_ONLY___ ╝

2025-07-14 13:37:17,721 INFO     ___FILE_ONLY___ ╔════════════════════════════════════════════════════════════╗

2025-07-14 13:37:17,721 INFO     ___FILE_ONLY___ ╠═ Installing: Cloud Storage Command Line Tool (Platform... ═╣

2025-07-14 13:37:17,721 INFO     ___FILE_ONLY___ ╚
2025-07-14 13:37:17,722 INFO     ___FILE_ONLY___ ════════════════════════════════════════════════════════════
2025-07-14 13:37:17,722 INFO     ___FILE_ONLY___ ╝

2025-07-14 13:37:17,726 INFO     ___FILE_ONLY___ ╔════════════════════════════════════════════════════════════╗

2025-07-14 13:37:17,726 INFO     ___FILE_ONLY___ ╠═ Installing: Default set of gcloud commands               ═╣

2025-07-14 13:37:17,726 INFO     ___FILE_ONLY___ ╚
2025-07-14 13:37:17,728 INFO     ___FILE_ONLY___ ════════════════════════════════════════════════════════════
2025-07-14 13:37:17,728 INFO     ___FILE_ONLY___ ╝

2025-07-14 13:37:17,730 INFO     ___FILE_ONLY___ ╔════════════════════════════════════════════════════════════╗

2025-07-14 13:37:17,730 INFO     ___FILE_ONLY___ ╠═ Installing: Google Cloud CLI Core Libraries (Platform... ═╣

2025-07-14 13:37:17,730 INFO     ___FILE_ONLY___ ╚
2025-07-14 13:37:17,731 INFO     ___FILE_ONLY___ ══════════════════════════════
2025-07-14 13:37:17,731 INFO     ___FILE_ONLY___ ══════════════════════════════
2025-07-14 13:37:17,731 INFO     ___FILE_ONLY___ ╝

2025-07-14 13:37:17,735 INFO     ___FILE_ONLY___ ╔════════════════════════════════════════════════════════════╗

2025-07-14 13:37:17,735 INFO     ___FILE_ONLY___ ╠═ Installing: Google Cloud CRC32C Hash Tool                ═╣

2025-07-14 13:37:17,735 INFO     ___FILE_ONLY___ ╚
2025-07-14 13:37:17,737 INFO     ___FILE_ONLY___ ════════════════════════════════════════════════════════════
2025-07-14 13:37:17,738 INFO     ___FILE_ONLY___ ╝

2025-07-14 13:37:17,739 INFO     ___FILE_ONLY___ ╔════════════════════════════════════════════════════════════╗

2025-07-14 13:37:17,739 INFO     ___FILE_ONLY___ ╠═ Installing: Google Cloud CRC32C Hash Tool (Platform S... ═╣

2025-07-14 13:37:17,739 INFO     ___FILE_ONLY___ ╚
2025-07-14 13:37:17,778 INFO     ___FILE_ONLY___ ══════════════════════════════
2025-07-14 13:37:17,778 INFO     ___FILE_ONLY___ ══════════════════════════════
2025-07-14 13:37:17,778 INFO     ___FILE_ONLY___ ╝

2025-07-14 13:37:17,782 INFO     ___FILE_ONLY___ ╔════════════════════════════════════════════════════════════╗

2025-07-14 13:37:17,782 INFO     ___FILE_ONLY___ ╠═ Installing: gcloud cli dependencies (Platform Specific)  ═╣

2025-07-14 13:37:17,783 INFO     ___FILE_ONLY___ ╚
2025-07-14 13:37:17,783 INFO     ___FILE_ONLY___ ════════════════════════════════════════════════════════════
2025-07-14 13:37:17,783 INFO     ___FILE_ONLY___ ╝

2025-07-14 13:37:17,787 DEBUG    root            Updating notification cache...
2025-07-14 13:37:17,788 INFO     ___FILE_ONLY___ 

2025-07-14 13:37:17,789 INFO     ___FILE_ONLY___ Performing post processing steps...
2025-07-14 13:37:17,790 DEBUG    root            Executing command: ['/tools/google-cloud-sdk/bin/gcloud', 'components', 'post-process']
2025-07-14 13:37:25,589 DEBUG    ___FILE_ONLY___ 
2025-07-14 13:37:25,589 DEBUG    ___FILE_ONLY___ 
2025-07-14 13:37:25,825 INFO     root            descriptor_list: [{'universeDomain': 'googleapis.com', 'universeShortName': '', 'authenticationDomain': 'auth.cloud.google.com', 'projectPrefix': '', 'cloudWebDomain': 'cloud.google.com', 'documentationDomain': 'cloud.google.com', 'version': '1.0.0', 'state': 'primary', 'artifactRegistryDomain': 'pkg.dev'}]
2025-07-14 13:37:25,826 INFO     ___FILE_ONLY___ 
Update done!


2025-07-14 13:37:25,829 DEBUG    root            Chosen display Format:none
2025-07-14 13:37:25,830 INFO     root            Display format: "none"
